<?xml version="1.0" encoding="UTF-8"?>
<testng-results ignored="0" total="1" passed="1" failed="0" skipped="0">
  <reporter-output>
  </reporter-output>
  <suite started-at="2024-03-27T07:27:01 GMT" name="Default suite" finished-at="2024-03-27T07:27:12 GMT" duration-ms="10592">
    <groups>
      <group name="cucumber">
        <method signature="AbstractTestNGCucumberTests.runScenario(io.cucumber.testng.PickleWrapper, io.cucumber.testng.FeatureWrapper)[pri:0, instance:runner.orderRunner@212b5695]" name="runScenario" class="io.cucumber.testng.AbstractTestNGCucumberTests"/>
      </group> <!-- cucumber -->
    </groups>
    <test started-at="2024-03-27T07:27:01 GMT" name="Default test" finished-at="2024-03-27T07:27:12 GMT" duration-ms="10592">
      <class name="runner.orderRunner">
        <test-method is-config="true" signature="setUpClass(org.testng.ITestContext)[pri:0, instance:runner.orderRunner@212b5695]" started-at="2024-03-27T07:27:01 GMT" name="setUpClass" finished-at="2024-03-27T07:27:01 GMT" duration-ms="300" status="PASS">
          <params>
            <param index="0">
              <value>
                <![CDATA[org.testng.TestRunner@66596a88]]>
              </value>
            </param>
          </params>
          <reporter-output>
          </reporter-output>
        </test-method> <!-- setUpClass -->
        <test-method signature="runScenario(io.cucumber.testng.PickleWrapper, io.cucumber.testng.FeatureWrapper)[pri:0, instance:runner.orderRunner@212b5695]" started-at="2024-03-27T07:27:01 GMT" name="runScenario" description="Runs Cucumber Scenarios" data-provider="scenarios" finished-at="2024-03-27T07:27:12 GMT" duration-ms="10238" status="PASS">
          <params>
            <param index="0">
              <value>
                <![CDATA["Search single item"]]>
              </value>
            </param>
            <param index="1">
              <value>
                <![CDATA["Place Order"]]>
              </value>
            </param>
          </params>
          <reporter-output>
          </reporter-output>
        </test-method> <!-- runScenario -->
        <test-method is-config="true" signature="tearDownClass()[pri:0, instance:runner.orderRunner@212b5695]" started-at="2024-03-27T07:27:12 GMT" name="tearDownClass" finished-at="2024-03-27T07:27:12 GMT" duration-ms="15" status="PASS">
          <reporter-output>
          </reporter-output>
        </test-method> <!-- tearDownClass -->
      </class> <!-- runner.orderRunner -->
    </test> <!-- Default test -->
  </suite> <!-- Default suite -->
</testng-results>
